<?xml version="1.0" encoding="UTF-8"?>
<testng-results ignored="0" total="1" passed="1" failed="0" skipped="0">
  <reporter-output>
  </reporter-output>
  <suite started-at="2022-12-07T14:37:40 IST" name="Default suite" finished-at="2022-12-07T14:38:40 IST" duration-ms="60058">
    <groups>
    </groups>
    <test started-at="2022-12-07T14:37:40 IST" name="Default test" finished-at="2022-12-07T14:38:40 IST" duration-ms="60058">
      <class name="LoginTest.ToVerifyHomePageTest">
        <test-method is-config="true" signature="bsconfig()[pri:0, instance:LoginTest.ToVerifyHomePageTest@66d3eec0]" started-at="2022-12-07T14:37:40 IST" name="bsconfig" finished-at="2022-12-07T14:37:40 IST" duration-ms="34" status="PASS">
          <reporter-output>
          </reporter-output>
        </test-method> <!-- bsconfig -->
        <test-method is-config="true" signature="bcconfig()[pri:0, instance:LoginTest.ToVerifyHomePageTest@66d3eec0]" started-at="2022-12-07T14:37:40 IST" name="bcconfig" finished-at="2022-12-07T14:38:27 IST" duration-ms="46945" status="PASS">
          <reporter-output>
          </reporter-output>
        </test-method> <!-- bcconfig -->
        <test-method is-config="true" signature="bmConfig()[pri:0, instance:LoginTest.ToVerifyHomePageTest@66d3eec0]" started-at="2022-12-07T14:38:27 IST" name="bmConfig" finished-at="2022-12-07T14:38:28 IST" duration-ms="494" status="PASS">
          <reporter-output>
          </reporter-output>
        </test-method> <!-- bmConfig -->
        <test-method signature="toVerifyHomePageTest()[pri:0, instance:LoginTest.ToVerifyHomePageTest@66d3eec0]" started-at="2022-12-07T14:38:28 IST" name="toVerifyHomePageTest" finished-at="2022-12-07T14:38:37 IST" duration-ms="8985" status="PASS">
          <reporter-output>
          </reporter-output>
        </test-method> <!-- toVerifyHomePageTest -->
        <test-method is-config="true" signature="amconfig()[pri:0, instance:LoginTest.ToVerifyHomePageTest@66d3eec0]" started-at="2022-12-07T14:38:37 IST" name="amconfig" finished-at="2022-12-07T14:38:40 IST" duration-ms="3065" status="PASS">
          <reporter-output>
          </reporter-output>
        </test-method> <!-- amconfig -->
        <test-method is-config="true" signature="acConfig()[pri:0, instance:LoginTest.ToVerifyHomePageTest@66d3eec0]" started-at="2022-12-07T14:38:40 IST" name="acConfig" finished-at="2022-12-07T14:38:40 IST" duration-ms="492" status="PASS">
          <reporter-output>
          </reporter-output>
        </test-method> <!-- acConfig -->
        <test-method is-config="true" signature="asConfig()[pri:0, instance:LoginTest.ToVerifyHomePageTest@66d3eec0]" started-at="2022-12-07T14:38:40 IST" name="asConfig" finished-at="2022-12-07T14:38:40 IST" duration-ms="1" status="PASS">
          <reporter-output>
          </reporter-output>
        </test-method> <!-- asConfig -->
      </class> <!-- LoginTest.ToVerifyHomePageTest -->
    </test> <!-- Default test -->
  </suite> <!-- Default suite -->
</testng-results>
