<?xml version="1.0" encoding="UTF-8"?>
<testng-results ignored="1" total="6" passed="5" failed="0" skipped="0">
  <reporter-output>
  </reporter-output>
  <suite started-at="2023-02-08T17:20:01 IST" name="Suite" finished-at="2023-02-08T17:21:38 IST" duration-ms="97186">
    <groups>
    </groups>
    <test started-at="2023-02-08T17:20:01 IST" name="Test" finished-at="2023-02-08T17:21:38 IST" duration-ms="97186">
      <class name="tests.Tests">
        <test-method is-config="true" signature="setup()[pri:0, instance:tests.Tests@45385f75]" started-at="2023-02-08T17:20:01 IST" name="setup" finished-at="2023-02-08T17:20:15 IST" duration-ms="14398" status="PASS">
          <reporter-output>
          </reporter-output>
        </test-method> <!-- setup -->
        <test-method signature="book_ap()[pri:1, instance:tests.Tests@45385f75]" started-at="2023-02-08T17:20:15 IST" name="book_ap" finished-at="2023-02-08T17:20:55 IST" duration-ms="40346" status="PASS">
          <reporter-output>
          </reporter-output>
        </test-method> <!-- book_ap -->
        <test-method signature="back()[pri:2, instance:tests.Tests@45385f75]" started-at="2023-02-08T17:20:55 IST" name="back" finished-at="2023-02-08T17:21:01 IST" duration-ms="5454" status="PASS">
          <reporter-output>
          </reporter-output>
        </test-method> <!-- back -->
        <test-method signature="logintest(java.lang.String,java.lang.String)[pri:4, instance:tests.Tests@45385f75]" started-at="2023-02-08T17:21:01 IST" name="logintest" data-provider="excelTest" finished-at="2023-02-08T17:21:13 IST" duration-ms="12227" status="PASS">
          <params>
            <param index="0">
              <value>
                <![CDATA[user1@gmail.com]]>
              </value>
            </param>
            <param index="1">
              <value>
                <![CDATA[password]]>
              </value>
            </param>
          </params>
          <reporter-output>
          </reporter-output>
        </test-method> <!-- logintest -->
        <test-method signature="logintest(java.lang.String,java.lang.String)[pri:4, instance:tests.Tests@45385f75]" started-at="2023-02-08T17:21:13 IST" name="logintest" data-provider="excelTest" finished-at="2023-02-08T17:21:25 IST" duration-ms="11791" status="PASS">
          <params>
            <param index="0">
              <value>
                <![CDATA[user2@gmail.com]]>
              </value>
            </param>
            <param index="1">
              <value>
                <![CDATA[password]]>
              </value>
            </param>
          </params>
          <reporter-output>
          </reporter-output>
        </test-method> <!-- logintest -->
        <test-method signature="logintest(java.lang.String,java.lang.String)[pri:4, instance:tests.Tests@45385f75]" started-at="2023-02-08T17:21:25 IST" name="logintest" data-provider="excelTest" finished-at="2023-02-08T17:21:38 IST" duration-ms="12278" status="PASS">
          <params>
            <param index="0">
              <value>
                <![CDATA[user3@gmail.com]]>
              </value>
            </param>
            <param index="1">
              <value>
                <![CDATA[password]]>
              </value>
            </param>
          </params>
          <reporter-output>
          </reporter-output>
        </test-method> <!-- logintest -->
        <test-method is-config="true" signature="teardown()[pri:0, instance:tests.Tests@45385f75]" started-at="2023-02-08T17:21:38 IST" name="teardown" finished-at="2023-02-08T17:21:38 IST" duration-ms="206" status="PASS">
          <reporter-output>
          </reporter-output>
        </test-method> <!-- teardown -->
      </class> <!-- tests.Tests -->
    </test> <!-- Test -->
  </suite> <!-- Suite -->
</testng-results>
