<?xml version="1.0" encoding="UTF-8"?>
<!-- Generated by org.testng.reporters.JUnitXMLReporter -->
<testsuite ignored="1" hostname="DESKTOP-73VT5SL" failures="0" tests="5" name="Default test" time="73.139" errors="0" timestamp="2023-02-08T14:23:11 IST">
  <testcase classname="tests.Tests" name="book_ap" time="24.062"/>
  <testcase classname="tests.Tests" name="back" time="5.882"/>
  <testcase classname="tests.Tests" name="logintest" time="11.847"/>
  <testcase classname="tests.Tests" name="logintest" time="11.526"/>
  <testcase classname="tests.Tests" name="logintest" time="11.697"/>
  <testcase classname="tests.Tests" name="createnewuser" time="0.0">
    <ignored/>
  </testcase> <!-- createnewuser -->
</testsuite> <!-- Default test -->
