<?xml version="1.0" encoding="UTF-8"?>
<!-- Generated by org.testng.reporters.JUnitXMLReporter -->
<testsuite ignored="1" hostname="DESKTOP-73VT5SL" failures="0" tests="3" name="Default test" time="53.548" errors="0" timestamp="2023-02-07T18:27:50 IST">
  <testcase classname="tests.Login_Test" name="logintest" time="16.999"/>
  <testcase classname="tests.Login_Test" name="logintest" time="13.358"/>
  <testcase classname="tests.Login_Test" name="logintest" time="12.808"/>
  <testcase classname="tests.Login_Test" name="logintestloop" time="0.0">
    <ignored/>
  </testcase> <!-- logintestloop -->
</testsuite> <!-- Default test -->
