<?xml version="1.0" encoding="UTF-8"?>
<!-- Generated by org.testng.reporters.JUnitXMLReporter -->
<testsuite ignored="1" hostname="DESKTOP-73VT5SL" failures="0" tests="5" name="Test" time="97.186" errors="0" timestamp="2023-02-08T17:21:38 IST">
  <testcase classname="tests.Tests" name="book_ap" time="40.346"/>
  <testcase classname="tests.Tests" name="back" time="5.454"/>
  <testcase classname="tests.Tests" name="logintest" time="12.227"/>
  <testcase classname="tests.Tests" name="logintest" time="11.791"/>
  <testcase classname="tests.Tests" name="logintest" time="12.278"/>
  <testcase classname="tests.Tests" name="createnewuser" time="0.0">
    <ignored/>
  </testcase> <!-- createnewuser -->
</testsuite> <!-- Test -->
